SF:lib/core/failure/failures.dart
DA:10,10
DA:18,1
LF:2
LH:2
end_of_record
SF:lib/features/authentication/data/models/user_model.dart
DA:7,0
DA:9,0
DA:16,6
DA:18,0
DA:22,0
DA:23,0
DA:24,0
DA:27,2
DA:28,1
DA:29,1
DA:30,1
DA:33,2
DA:34,1
DA:35,1
DA:36,1
LF:15
LH:9
end_of_record
SF:lib/features/feedback/data/models/category_model.dart
DA:7,0
DA:8,0
DA:10,0
DA:15,3
DA:19,0
DA:22,0
DA:23,0
DA:26,2
DA:27,1
DA:28,0
DA:29,4
DA:32,2
DA:33,1
DA:34,0
DA:35,4
LF:15
LH:7
end_of_record
SF:lib/features/feedback/data/models/feedback_model.dart
DA:7,0
DA:8,0
DA:10,0
DA:23,6
DA:34,0
DA:44,0
DA:45,0
DA:46,0
DA:47,0
DA:48,0
DA:49,0
DA:50,0
DA:53,3
DA:54,2
DA:55,1
DA:56,1
DA:57,1
DA:58,1
DA:59,1
DA:60,1
DA:61,1
DA:62,0
DA:63,4
DA:64,1
DA:65,0
DA:66,4
DA:69,4
DA:70,2
DA:71,2
DA:72,2
DA:73,2
DA:74,2
DA:75,2
DA:76,2
DA:77,7
DA:79,7
LF:36
LH:23
end_of_record
SF:lib/features/feedback/data/repositories/feedback_repository_impl.dart
DA:13,1
DA:15,1
DA:17,2
DA:20,1
DA:22,2
DA:25,1
DA:28,2
DA:31,1
DA:34,2
DA:37,1
DA:39,2
LF:11
LH:11
end_of_record
SF:lib/features/feedback/data/data_source/remote/feedback_datasource_impl.dart
DA:16,1
DA:18,1
DA:21,1
DA:22,1
DA:23,1
DA:24,1
DA:25,1
DA:27,1
DA:28,1
DA:32,1
DA:35,1
DA:36,1
DA:37,2
DA:38,2
DA:41,0
DA:42,0
DA:46,1
DA:49,1
DA:50,1
DA:51,1
DA:52,0
DA:53,0
DA:54,0
DA:56,0
DA:59,1
DA:60,1
DA:64,1
DA:69,5
DA:71,2
DA:73,0
DA:76,0
DA:77,0
DA:78,0
DA:79,0
DA:81,0
DA:84,0
DA:85,0
DA:86,0
DA:87,0
DA:89,0
DA:92,0
DA:93,0
DA:94,0
DA:95,0
DA:98,1
DA:99,1
DA:103,1
DA:105,1
DA:106,1
DA:107,2
DA:108,1
DA:109,0
DA:112,0
DA:116,1
DA:120,1
DA:123,1
DA:124,1
DA:125,2
DA:126,1
DA:127,1
DA:129,0
DA:130,0
DA:131,0
DA:132,0
DA:133,0
DA:134,0
DA:135,0
DA:139,0
DA:140,0
DA:141,0
DA:142,0
DA:143,0
DA:144,0
DA:147,0
DA:149,1
LF:75
LH:38
end_of_record
SF:lib/features/authentication/data/data_source/remote/auth_datasource_impl.dart
DA:14,1
DA:16,1
DA:24,2
DA:29,1
DA:30,0
DA:31,0
DA:32,0
DA:33,0
DA:34,0
DA:39,0
DA:40,0
DA:42,2
DA:45,1
DA:49,1
DA:50,1
DA:51,1
DA:55,0
DA:56,0
DA:58,2
DA:61,1
DA:64,2
DA:66,0
DA:71,1
DA:73,1
DA:75,2
LF:25
LH:15
end_of_record
SF:lib/features/authentication/data/repositories/auth_repository_impl.dart
DA:11,1
DA:13,1
DA:15,2
DA:18,1
DA:21,2
DA:24,1
DA:29,2
DA:33,1
DA:35,2
LF:9
LH:9
end_of_record
SF:lib/features/feedback/domain/usecases/create_new_feedback_usecase.dart
DA:9,1
DA:11,1
DA:12,2
LF:3
LH:3
end_of_record
SF:lib/features/feedback/domain/usecases/get_all_feedback_categories.dart
DA:10,1
DA:12,1
DA:13,2
LF:3
LH:3
end_of_record
SF:lib/features/feedback/domain/usecases/get_paginated_feedbacks_usecase.dart
DA:7,1
DA:9,1
DA:10,2
LF:3
LH:3
end_of_record
SF:lib/features/feedback/domain/usecases/update_feedback_usecase.dart
DA:11,1
DA:13,1
DA:15,2
LF:3
LH:3
end_of_record
SF:lib/features/feedback/domain/usecases/get_userdata_usecase.dart
DA:10,1
DA:12,1
DA:13,2
LF:3
LH:3
end_of_record
SF:lib/features/authentication/domain/usecases/get_current_user_usecase.dart
DA:8,1
DA:10,1
DA:11,2
LF:3
LH:3
end_of_record
SF:lib/features/authentication/domain/usecases/register_new_user_usecase.dart
DA:10,1
DA:12,1
DA:16,2
LF:3
LH:3
end_of_record
SF:lib/features/authentication/domain/usecases/signout_usecase.dart
DA:6,1
DA:8,1
DA:9,2
LF:3
LH:3
end_of_record
SF:lib/features/authentication/domain/usecases/login_with_email_usecase.dart
DA:9,1
DA:11,1
DA:13,2
LF:3
LH:3
end_of_record
